0 info it worked if it ends with ok
1 verbose cli [ 'node', '/usr/local/bin/npm', 'install' ]
2 info using npm@1.4.28
3 info using node@v0.10.40
4 verbose readDependencies using package.json deps
5 verbose install where, deps [ '/Users/stephenyoung/Documents/GitHub Repos/ng-boilerplate',
5 verbose install   [ 'grunt',
5 verbose install     'grunt-bump',
5 verbose install     'grunt-coffeelint',
5 verbose install     'grunt-contrib-clean',
5 verbose install     'grunt-contrib-coffee',
5 verbose install     'grunt-contrib-concat',
5 verbose install     'grunt-contrib-copy',
5 verbose install     'grunt-contrib-jshint',
5 verbose install     'grunt-contrib-less',
5 verbose install     'grunt-contrib-uglify',
5 verbose install     'grunt-contrib-watch',
5 verbose install     'grunt-conventional-changelog',
5 verbose install     'grunt-html2js',
5 verbose install     'grunt-karma',
5 verbose install     'grunt-ng-annotate',
5 verbose install     'karma',
5 verbose install     'karma-coffee-preprocessor',
5 verbose install     'karma-firefox-launcher',
5 verbose install     'karma-jasmine' ] ]
6 info preinstall ngbp@0.3.2
7 verbose readDependencies using package.json deps
8 verbose already installed skipping grunt@~0.4.1 /Users/stephenyoung/Documents/GitHub Repos/ng-boilerplate
9 verbose already installed skipping grunt-bump@0.0.6 /Users/stephenyoung/Documents/GitHub Repos/ng-boilerplate
10 verbose already installed skipping grunt-coffeelint@~0.0.10 /Users/stephenyoung/Documents/GitHub Repos/ng-boilerplate
11 verbose already installed skipping grunt-contrib-clean@^0.4.1 /Users/stephenyoung/Documents/GitHub Repos/ng-boilerplate
12 verbose already installed skipping grunt-contrib-coffee@^0.7.0 /Users/stephenyoung/Documents/GitHub Repos/ng-boilerplate
13 verbose already installed skipping grunt-contrib-concat@^0.3.0 /Users/stephenyoung/Documents/GitHub Repos/ng-boilerplate
14 verbose already installed skipping grunt-contrib-copy@^0.4.1 /Users/stephenyoung/Documents/GitHub Repos/ng-boilerplate
15 verbose already installed skipping grunt-contrib-jshint@^0.4.3 /Users/stephenyoung/Documents/GitHub Repos/ng-boilerplate
16 verbose already installed skipping grunt-contrib-less@~0.11.0 /Users/stephenyoung/Documents/GitHub Repos/ng-boilerplate
17 verbose already installed skipping grunt-contrib-uglify@^0.2.7 /Users/stephenyoung/Documents/GitHub Repos/ng-boilerplate
18 verbose already installed skipping grunt-contrib-watch@^0.4.4 /Users/stephenyoung/Documents/GitHub Repos/ng-boilerplate
19 verbose already installed skipping grunt-conventional-changelog@^0.1.2 /Users/stephenyoung/Documents/GitHub Repos/ng-boilerplate
20 verbose already installed skipping grunt-html2js@^0.1.9 /Users/stephenyoung/Documents/GitHub Repos/ng-boilerplate
21 verbose already installed skipping grunt-karma@^0.8.2 /Users/stephenyoung/Documents/GitHub Repos/ng-boilerplate
22 verbose already installed skipping grunt-ng-annotate@^0.8.0 /Users/stephenyoung/Documents/GitHub Repos/ng-boilerplate
23 verbose already installed skipping karma@^0.12.9 /Users/stephenyoung/Documents/GitHub Repos/ng-boilerplate
24 verbose already installed skipping karma-coffee-preprocessor@^0.2.1 /Users/stephenyoung/Documents/GitHub Repos/ng-boilerplate
25 verbose already installed skipping karma-firefox-launcher@^0.1.3 /Users/stephenyoung/Documents/GitHub Repos/ng-boilerplate
26 verbose already installed skipping karma-jasmine@^0.1.5 /Users/stephenyoung/Documents/GitHub Repos/ng-boilerplate
27 silly resolved []
28 info build /Users/stephenyoung/Documents/GitHub Repos/ng-boilerplate
29 verbose linkStuff [ false,
29 verbose linkStuff   false,
29 verbose linkStuff   false,
29 verbose linkStuff   '/Users/stephenyoung/Documents/GitHub Repos' ]
30 info linkStuff ngbp@0.3.2
31 verbose linkBins ngbp@0.3.2
32 verbose linkMans ngbp@0.3.2
33 verbose rebuildBundles ngbp@0.3.2
34 verbose rebuildBundles [ '.bin',
34 verbose rebuildBundles   'coffeelint',
34 verbose rebuildBundles   'grunt',
34 verbose rebuildBundles   'grunt-bump',
34 verbose rebuildBundles   'grunt-coffeelint',
34 verbose rebuildBundles   'grunt-contrib-clean',
34 verbose rebuildBundles   'grunt-contrib-coffee',
34 verbose rebuildBundles   'grunt-contrib-concat',
34 verbose rebuildBundles   'grunt-contrib-copy',
34 verbose rebuildBundles   'grunt-contrib-jshint',
34 verbose rebuildBundles   'grunt-contrib-less',
34 verbose rebuildBundles   'grunt-contrib-uglify',
34 verbose rebuildBundles   'grunt-contrib-watch',
34 verbose rebuildBundles   'grunt-conventional-changelog',
34 verbose rebuildBundles   'grunt-html2js',
34 verbose rebuildBundles   'grunt-karma',
34 verbose rebuildBundles   'grunt-ng-annotate',
34 verbose rebuildBundles   'karma',
34 verbose rebuildBundles   'karma-coffee-preprocessor',
34 verbose rebuildBundles   'karma-firefox-launcher',
34 verbose rebuildBundles   'karma-jasmine' ]
35 verbose rebuild bundle /Users/stephenyoung/Documents/GitHub Repos/ng-boilerplate/node_modules/coffeelint
36 info build /Users/stephenyoung/Documents/GitHub Repos/ng-boilerplate/node_modules/coffeelint
37 info preinstall coffeelint@1.11.1
38 verbose linkStuff [ false,
38 verbose linkStuff   false,
38 verbose linkStuff   false,
38 verbose linkStuff   '/Users/stephenyoung/Documents/GitHub Repos/ng-boilerplate/node_modules' ]
39 info linkStuff coffeelint@1.11.1
40 verbose linkBins coffeelint@1.11.1
41 verbose link bins [ { coffeelint: './bin/coffeelint' },
41 verbose link bins   '/Users/stephenyoung/Documents/GitHub Repos/ng-boilerplate/node_modules/.bin',
41 verbose link bins   false ]
42 verbose linkMans coffeelint@1.11.1
43 verbose rebuildBundles coffeelint@1.11.1
44 verbose rebuildBundles [ '.bin',
44 verbose rebuildBundles   'coffee-script',
44 verbose rebuildBundles   'glob',
44 verbose rebuildBundles   'ignore',
44 verbose rebuildBundles   'optimist',
44 verbose rebuildBundles   'resolve',
44 verbose rebuildBundles   'strip-json-comments' ]
45 error Error: EACCES, unlink '/Users/stephenyoung/Documents/GitHub Repos/ng-boilerplate/node_modules/.bin/coffeelint'
45 error  { [Error: EACCES, unlink '/Users/stephenyoung/Documents/GitHub Repos/ng-boilerplate/node_modules/.bin/coffeelint']
45 error   errno: 3,
45 error   code: 'EACCES',
45 error   path: '/Users/stephenyoung/Documents/GitHub Repos/ng-boilerplate/node_modules/.bin/coffeelint' }
46 error Please try running this command again as root/Administrator.
47 error System Darwin 14.4.0
48 error command "node" "/usr/local/bin/npm" "install"
49 error cwd /Users/stephenyoung/Documents/GitHub Repos/ng-boilerplate
50 error node -v v0.10.40
51 error npm -v 1.4.28
52 error path /Users/stephenyoung/Documents/GitHub Repos/ng-boilerplate/node_modules/.bin/coffeelint
53 error code EACCES
54 error errno 3
55 error stack Error: EACCES, unlink '/Users/stephenyoung/Documents/GitHub Repos/ng-boilerplate/node_modules/.bin/coffeelint'
56 verbose exit [ 3, true ]
